[2026-04-06 00:50:34] S0/exit: PASS (branch=feat/003-phase4-examples-docs)
[2026-04-06 00:57:58] S1/exit: PASS (branch=feat/003-phase4-examples-docs)
[2026-04-06 01:06:36] S2/exit: PASS (branch=feat/003-phase4-examples-docs)
[2026-04-06 01:11:13] S3/exit: PASS (branch=feat/003-phase4-examples-docs)
[2026-04-06 01:24:53] S4/exit: FAIL (branch=feat/003-phase4-examples-docs)
  failed: tasks.md: pattern '(contract test|journey test|测试编写|E2E)'
[2026-04-06 01:25:11] S4/exit: PASS (branch=feat/003-phase4-examples-docs)
[2026-04-06 02:33:24] S5/exit: FAIL (branch=feat/003-phase4-examples-docs)
  failed: pr-plan.md: pattern 'merged'
  failed: command: go test 全量测试通过
[2026-04-06 02:53:00] S5/exit: PASS (branch=feat/003-phase4-examples-docs)
[2026-04-06 03:03:13] S6/exit: FAIL (branch=feat/003-phase4-examples-docs)
  failed: tech-debt.md: pattern '(TECH|PRODUCT)'
[2026-04-06 03:03:42] S6/exit: PASS (branch=feat/003-phase4-examples-docs)
[2026-04-06 03:13:33] S7/exit: FAIL (branch=feat/003-phase4-examples-docs)
  failed: evidence/journey/result.txt
  failed: evidence/validate/result.txt: pattern '(0 errors|PASS|valid)'
[2026-04-06 03:14:24] S7/exit: PASS (branch=feat/003-phase4-examples-docs)
[2026-04-06 03:14:39] S8/entry: PASS (branch=feat/003-phase4-examples-docs)
[2026-04-06 03:23:32] S8/exit: PASS (branch=feat/003-phase4-examples-docs)
